<?xml version="1.0" encoding="UTF-8"?>
<!-- Generated by org.testng.reporters.JUnitReportReporter -->
<testsuite hostname="LAPTOP-OQKCFD7P" failures="0" tests="1" name="testcases.TC02_CreateBooking" time="3.285" errors="0" timestamp="2023-10-14T22:50:36 GST" skipped="0">
  <testcase classname="testcases.TC02_CreateBooking" name="createBookingWithValidData_P" time="3.285"/>
</testsuite> <!-- testcases.TC02_CreateBooking -->
